[ 50%] [32mBuilding CXX object CMakeFiles/talker.dir/src/navigator.cpp.o[0m
[01m[K/home/fourfold/dev/inmind sessions/inmind-session-9/session-9-assignment-firas/src/turtlebot_nav/src/navigator.cpp:8:10:[m[K [01;31m[Kfatal error: [m[Ksensor_msgs/msg/LaserScan.h: No such file or directory
    8 | #include [01;31m[K"sensor_msgs/msg/LaserScan.h"[m[K
      |          [01;31m[K^~~~~~~~~~~~~~~~~~~~~~~~~~~~~[m[K
compilation terminated.
gmake[2]: *** [CMakeFiles/talker.dir/build.make:76: CMakeFiles/talker.dir/src/navigator.cpp.o] Error 1
gmake[1]: *** [CMakeFiles/Makefile2:137: CMakeFiles/talker.dir/all] Error 2
gmake: *** [Makefile:146: all] Error 2
