[0.006s] Invoking command in '/home/fourfold/dev/inmind sessions/inmind-session-9/session-9-assignment-firas/build/turtlebot_nav': CMAKE_PREFIX_PATH=/home/fourfold/dev/inmind sessions/inmind-session-9/session-9-assignment-firas/install/custom_interfaces:/home/fourfold/dev/inmind sessions/inmind-session-9/session-9-assignment-firas/install/turtlebot_nav:/opt/ros/humble /usr/bin/cmake --build /home/fourfold/dev/inmind sessions/inmind-session-9/session-9-assignment-firas/build/turtlebot_nav -- -j16 -l16
[0.030s] [35m[1mConsolidate compiler generated dependencies of target measure_lap_time_client[0m
[0.031s] [35m[1mConsolidate compiler generated dependencies of target measure_lap_time_server[0m
[0.038s] [ 50%] Built target find_closest_wall_server
[0.038s] [ 50%] Built target navigator_node
[0.040s] [ 62%] [32mBuilding CXX object CMakeFiles/measure_lap_time_client.dir/src/lap_time_client.cpp.o[0m
[0.041s] [ 87%] Built target measure_lap_time_server
[1.283s] In file included from [01m[K/home/fourfold/dev/inmind sessions/inmind-session-9/session-9-assignment-firas/src/turtlebot_nav/src/lap_time_client.cpp:1[m[K:
[1.283s] [01m[K/home/fourfold/dev/inmind sessions/inmind-session-9/session-9-assignment-firas/src/turtlebot_nav/src/lap_time_client.h:20:65:[m[K [01;31m[Kerror: [m[Kâ€˜[01m[KSharedPtr[m[Kâ€™ in â€˜[01m[Kusing GoalHandleMeasureLapTime = class rclcpp_action::ServerGoalHandle<custom_interfaces::action::MeasureLapTime>[m[Kâ€™ {aka â€˜[01m[Kclass rclcpp_action::ServerGoalHandle<custom_interfaces::action::MeasureLapTime>[m[Kâ€™} does not name a type
[1.283s]    20 |     void goal_response_callback(const GoalHandleMeasureLapTime::[01;31m[KSharedPtr[m[K & goal_handle);
[1.283s]       |                                                                 [01;31m[K^~~~~~~~~[m[K
[1.284s] [01m[K/home/fourfold/dev/inmind sessions/inmind-session-9/session-9-assignment-firas/src/turtlebot_nav/src/lap_time_client.h:22:9:[m[K [01;31m[Kerror: [m[Kâ€˜[01m[Krclcpp_action::GoalHandleMeasureLapTime::SharedPtr[m[Kâ€™ has not been declared
[1.284s]    22 |         [01;31m[KGoalHandleMeasureLapTime[m[K::SharedPtr,
[1.284s]       |         [01;31m[K^~~~~~~~~~~~~~~~~~~~~~~~[m[K
[1.284s] [01m[K/home/fourfold/dev/inmind sessions/inmind-session-9/session-9-assignment-firas/src/turtlebot_nav/src/lap_time_client.h:25:58:[m[K [01;31m[Kerror: [m[Kâ€˜[01m[KWrappedResult[m[Kâ€™ in â€˜[01m[Kusing GoalHandleMeasureLapTime = class rclcpp_action::ServerGoalHandle<custom_interfaces::action::MeasureLapTime>[m[Kâ€™ {aka â€˜[01m[Kclass rclcpp_action::ServerGoalHandle<custom_interfaces::action::MeasureLapTime>[m[Kâ€™} does not name a type
[1.284s]    25 |     void result_callback(const GoalHandleMeasureLapTime::[01;31m[KWrappedResult[m[K & result);
[1.284s]       |                                                          [01;31m[K^~~~~~~~~~~~~[m[K
[1.293s] [01m[K/home/fourfold/dev/inmind sessions/inmind-session-9/session-9-assignment-firas/src/turtlebot_nav/src/lap_time_client.cpp:[m[K In constructor â€˜[01m[KLapTimeClient::LapTimeClient()[m[Kâ€™:
[1.293s] [01m[K/home/fourfold/dev/inmind sessions/inmind-session-9/session-9-assignment-firas/src/turtlebot_nav/src/lap_time_client.cpp:10:6:[m[K [01;31m[Kerror: [m[Kexpected â€˜[01m[K;[m[Kâ€™ before â€˜[01m[K}[m[Kâ€™ token
[1.293s]    10 |     )
[1.293s]       |      [01;31m[K^[m[K
[1.293s]       |      [32m[K;[m[K
[1.293s]    11 | [32m[K}[m[K
[1.293s]       | [32m[K~[m[K     
[1.293s] [01m[K/home/fourfold/dev/inmind sessions/inmind-session-9/session-9-assignment-firas/src/turtlebot_nav/src/lap_time_client.cpp:[m[K In function â€˜[01m[Kvoid send_goal()[m[Kâ€™:
[1.293s] [01m[K/home/fourfold/dev/inmind sessions/inmind-session-9/session-9-assignment-firas/src/turtlebot_nav/src/lap_time_client.cpp:18:25:[m[K [01;31m[Kerror: [m[Kâ€˜[01m[Kvoid LapTimeClient::goal_response_callback(const int&)[m[Kâ€™ is private within this context
[1.293s]    18 |         &LapTimeClient::[01;31m[Kgoal_response_callback[m[K,
[1.293s]       |                         [01;31m[K^~~~~~~~~~~~~~~~~~~~~~[m[K
[1.293s] In file included from [01m[K/home/fourfold/dev/inmind sessions/inmind-session-9/session-9-assignment-firas/src/turtlebot_nav/src/lap_time_client.cpp:1[m[K:
[1.294s] [01m[K/home/fourfold/dev/inmind sessions/inmind-session-9/session-9-assignment-firas/src/turtlebot_nav/src/lap_time_client.h:20:10:[m[K [01;36m[Knote: [m[Kdeclared private here
[1.294s]    20 |     void [01;36m[Kgoal_response_callback[m[K(const GoalHandleMeasureLapTime::SharedPtr & goal_handle);
[1.294s]       |          [01;36m[K^~~~~~~~~~~~~~~~~~~~~~[m[K
[1.294s] [01m[K/home/fourfold/dev/inmind sessions/inmind-session-9/session-9-assignment-firas/src/turtlebot_nav/src/lap_time_client.cpp:19:9:[m[K [01;31m[Kerror: [m[Kinvalid use of â€˜[01m[Kthis[m[Kâ€™ in non-member function
[1.294s]    19 |         [01;31m[Kthis[m[K,
[1.294s]       |         [01;31m[K^~~~[m[K
[1.294s] [01m[K/home/fourfold/dev/inmind sessions/inmind-session-9/session-9-assignment-firas/src/turtlebot_nav/src/lap_time_client.cpp:23:25:[m[K [01;31m[Kerror: [m[Kâ€˜[01m[Kvoid LapTimeClient::feedback_callback(int, std::shared_ptr<const custom_interfaces::action::MeasureLapTime_Feedback_<std::allocator<void> > >)[m[Kâ€™ is private within this context
[1.294s]    23 |         &LapTimeClient::[01;31m[Kfeedback_callback[m[K,
[1.294s]       |                         [01;31m[K^~~~~~~~~~~~~~~~~[m[K
[1.294s] In file included from [01m[K/home/fourfold/dev/inmind sessions/inmind-session-9/session-9-assignment-firas/src/turtlebot_nav/src/lap_time_client.cpp:1[m[K:
[1.294s] [01m[K/home/fourfold/dev/inmind sessions/inmind-session-9/session-9-assignment-firas/src/turtlebot_nav/src/lap_time_client.h:21:10:[m[K [01;36m[Knote: [m[Kdeclared private here
[1.294s]    21 |     void [01;36m[Kfeedback_callback[m[K(
[1.294s]       |          [01;36m[K^~~~~~~~~~~~~~~~~[m[K
[1.294s] [01m[K/home/fourfold/dev/inmind sessions/inmind-session-9/session-9-assignment-firas/src/turtlebot_nav/src/lap_time_client.cpp:24:9:[m[K [01;31m[Kerror: [m[Kinvalid use of â€˜[01m[Kthis[m[Kâ€™ in non-member function
[1.294s]    24 |         [01;31m[Kthis[m[K,
[1.295s]       |         [01;31m[K^~~~[m[K
[1.295s] [01m[K/home/fourfold/dev/inmind sessions/inmind-session-9/session-9-assignment-firas/src/turtlebot_nav/src/lap_time_client.cpp:29:25:[m[K [01;31m[Kerror: [m[Kâ€˜[01m[Kvoid LapTimeClient::result_callback(const int&)[m[Kâ€™ is private within this context
[1.295s]    29 |         &LapTimeClient::[01;31m[Kresult_callback[m[K,
[1.295s]       |                         [01;31m[K^~~~~~~~~~~~~~~[m[K
[1.295s] In file included from [01m[K/home/fourfold/dev/inmind sessions/inmind-session-9/session-9-assignment-firas/src/turtlebot_nav/src/lap_time_client.cpp:1[m[K:
[1.295s] [01m[K/home/fourfold/dev/inmind sessions/inmind-session-9/session-9-assignment-firas/src/turtlebot_nav/src/lap_time_client.h:25:10:[m[K [01;36m[Knote: [m[Kdeclared private here
[1.295s]    25 |     void [01;36m[Kresult_callback[m[K(const GoalHandleMeasureLapTime::WrappedResult & result);
[1.295s]       |          [01;36m[K^~~~~~~~~~~~~~~[m[K
[1.295s] [01m[K/home/fourfold/dev/inmind sessions/inmind-session-9/session-9-assignment-firas/src/turtlebot_nav/src/lap_time_client.cpp:30:9:[m[K [01;31m[Kerror: [m[Kinvalid use of â€˜[01m[Kthis[m[Kâ€™ in non-member function
[1.295s]    30 |         [01;31m[Kthis[m[K,
[1.295s]       |         [01;31m[K^~~~[m[K
[1.295s] [01m[K/home/fourfold/dev/inmind sessions/inmind-session-9/session-9-assignment-firas/src/turtlebot_nav/src/lap_time_client.cpp:33:5:[m[K [01;31m[Kerror: [m[Kinvalid use of â€˜[01m[Kthis[m[Kâ€™ in non-member function
[1.295s]    33 |     [01;31m[Kthis[m[K->action_client->async_send_goal(goal_msg, send_goal_options);
[1.295s]       |     [01;31m[K^~~~[m[K
[1.295s] [01m[K/home/fourfold/dev/inmind sessions/inmind-session-9/session-9-assignment-firas/src/turtlebot_nav/src/lap_time_client.cpp:[m[K At global scope:
[1.295s] [01m[K/home/fourfold/dev/inmind sessions/inmind-session-9/session-9-assignment-firas/src/turtlebot_nav/src/lap_time_client.cpp:36:61:[m[K [01;31m[Kerror: [m[Kâ€˜[01m[KSharedPtr[m[Kâ€™ in â€˜[01m[Kusing GoalHandleMeasureLapTime = class rclcpp_action::ServerGoalHandle<custom_interfaces::action::MeasureLapTime>[m[Kâ€™ {aka â€˜[01m[Kclass rclcpp_action::ServerGoalHandle<custom_interfaces::action::MeasureLapTime>[m[Kâ€™} does not name a type
[1.295s]    36 | void goal_response_callback(const GoalHandleMeasureLapTime::[01;31m[KSharedPtr[m[K & goal_handle) {
[1.296s]       |                                                             [01;31m[K^~~~~~~~~[m[K
[1.296s] [01m[K/home/fourfold/dev/inmind sessions/inmind-session-9/session-9-assignment-firas/src/turtlebot_nav/src/lap_time_client.cpp:44:6:[m[K [01;31m[Kerror: [m[Kvariable or field â€˜[01m[Kfeedback_callback[m[Kâ€™ declared void
[1.296s]    44 | void [01;31m[Kfeedback_callback[m[K(
[1.296s]       |      [01;31m[K^~~~~~~~~~~~~~~~~[m[K
[1.296s] [01m[K/home/fourfold/dev/inmind sessions/inmind-session-9/session-9-assignment-firas/src/turtlebot_nav/src/lap_time_client.cpp:45:31:[m[K [01;31m[Kerror: [m[Kâ€˜[01m[KSharedPtr[m[Kâ€™ is not a member of â€˜[01m[KGoalHandleMeasureLapTime[m[Kâ€™ {aka â€˜[01m[Krclcpp_action::ServerGoalHandle<custom_interfaces::action::MeasureLapTime>[m[Kâ€™}
[1.296s]    45 |     GoalHandleMeasureLapTime::[01;31m[KSharedPtr[m[K,
[1.296s]       |                               [01;31m[K^~~~~~~~~[m[K
[1.296s] [01m[K/home/fourfold/dev/inmind sessions/inmind-session-9/session-9-assignment-firas/src/turtlebot_nav/src/lap_time_client.cpp:46:5:[m[K [01;31m[Kerror: [m[Kexpected primary-expression before â€˜[01m[Kconst[m[Kâ€™
[1.296s]    46 |     [01;31m[Kconst[m[K std::shared_ptr<const MeasureLapTime::Feedback> feedback
[1.296s]       |     [01;31m[K^~~~~[m[K
[1.296s] [01m[K/home/fourfold/dev/inmind sessions/inmind-session-9/session-9-assignment-firas/src/turtlebot_nav/src/lap_time_client.cpp:53:54:[m[K [01;31m[Kerror: [m[Kâ€˜[01m[KWrappedResult[m[Kâ€™ in â€˜[01m[Kusing GoalHandleMeasureLapTime = class rclcpp_action::ServerGoalHandle<custom_interfaces::action::MeasureLapTime>[m[Kâ€™ {aka â€˜[01m[Kclass rclcpp_action::ServerGoalHandle<custom_interfaces::action::MeasureLapTime>[m[Kâ€™} does not name a type
[1.296s]    53 | void result_callback(const GoalHandleMeasureLapTime::[01;31m[KWrappedResult[m[K & result) {
[1.296s]       |                                                      [01;31m[K^~~~~~~~~~~~~[m[K
[1.296s] [01m[K/home/fourfold/dev/inmind sessions/inmind-session-9/session-9-assignment-firas/src/turtlebot_nav/src/lap_time_client.cpp:[m[K In function â€˜[01m[Kvoid result_callback(const int&)[m[Kâ€™:
[1.296s] [01m[K/home/fourfold/dev/inmind sessions/inmind-session-9/session-9-assignment-firas/src/turtlebot_nav/src/lap_time_client.cpp:54:20:[m[K [01;31m[Kerror: [m[Krequest for member â€˜[01m[Kcode[m[Kâ€™ in â€˜[01m[Kresult[m[Kâ€™, which is of non-class type â€˜[01m[Kconst int[m[Kâ€™
[1.296s]    54 |     switch (result.[01;31m[Kcode[m[K) {
[1.296s]       |                    [01;31m[K^~~~[m[K
[1.297s] [01m[K/home/fourfold/dev/inmind sessions/inmind-session-9/session-9-assignment-firas/src/turtlebot_nav/src/lap_time_client.cpp:68:39:[m[K [01;31m[Kerror: [m[Kâ€˜[01m[Kfeedback[m[Kâ€™ was not declared in this scope
[1.297s]    68 |     ss << "Total lap time: " << round([01;31m[Kfeedback[m[K->elapsed_time) << " seconds.";
[1.297s]       |                                       [01;31m[K^~~~~~~~[m[K
[1.297s] In file included from [01m[K/opt/ros/humble/include/rclcpp/rclcpp/logging.hpp:24[m[K,
[1.297s]                  from [01m[K/opt/ros/humble/include/rclcpp/rclcpp/client.hpp:40[m[K,
[1.297s]                  from [01m[K/opt/ros/humble/include/rclcpp/rclcpp/callback_group.hpp:24[m[K,
[1.298s]                  from [01m[K/opt/ros/humble/include/rclcpp/rclcpp/any_executable.hpp:20[m[K,
[1.298s]                  from [01m[K/opt/ros/humble/include/rclcpp/rclcpp/memory_strategy.hpp:25[m[K,
[1.298s]                  from [01m[K/opt/ros/humble/include/rclcpp/rclcpp/memory_strategies.hpp:18[m[K,
[1.298s]                  from [01m[K/opt/ros/humble/include/rclcpp/rclcpp/executor_options.hpp:20[m[K,
[1.298s]                  from [01m[K/opt/ros/humble/include/rclcpp/rclcpp/executor.hpp:37[m[K,
[1.298s]                  from [01m[K/opt/ros/humble/include/rclcpp/rclcpp/executors/multi_threaded_executor.hpp:25[m[K,
[1.298s]                  from [01m[K/opt/ros/humble/include/rclcpp/rclcpp/executors.hpp:21[m[K,
[1.298s]                  from [01m[K/opt/ros/humble/include/rclcpp/rclcpp/rclcpp.hpp:155[m[K,
[1.298s]                  from [01m[K/home/fourfold/dev/inmind sessions/inmind-session-9/session-9-assignment-firas/src/turtlebot_nav/src/lap_time_client.h:8[m[K,
[1.298s]                  from [01m[K/home/fourfold/dev/inmind sessions/inmind-session-9/session-9-assignment-firas/src/turtlebot_nav/src/lap_time_client.cpp:1[m[K:
[1.298s] [01m[K/home/fourfold/dev/inmind sessions/inmind-session-9/session-9-assignment-firas/src/turtlebot_nav/src/lap_time_client.cpp:69:53:[m[K [01;31m[Kerror: [m[Kcannot convert â€˜[01m[Kstd::__cxx11::basic_stringstream<char>::__string_type[m[Kâ€™ {aka â€˜[01m[Kstd::__cxx11::basic_string<char>[m[Kâ€™} to â€˜[01m[Kconst char*[m[Kâ€™
[1.298s]    69 |     RCLCPP_INFO(rclcpp::get_logger("rclcpp"), [01;31m[Kss.str()[m[K);
[1.298s]       |                                               [01;31m[K~~~~~~^~[m[K
[1.298s]       |                                                     [01;31m[K|[m[K
[1.298s]       |                                                     [01;31m[Kstd::__cxx11::basic_stringstream<char>::__string_type {aka std::__cxx11::basic_string<char>}[m[K
[1.298s] In file included from [01m[K/opt/ros/humble/include/rmw/rmw/types.h:28[m[K,
[1.298s]                  from [01m[K/opt/ros/humble/include/rcl/rcl/types.h:20[m[K,
[1.298s]                  from [01m[K/opt/ros/humble/include/rcl/rcl/log_level.h:22[m[K,
[1.299s]                  from [01m[K/opt/ros/humble/include/rcl/rcl/arguments.h:21[m[K,
[1.299s]                  from [01m[K/opt/ros/humble/include/rcl/rcl/context.h:28[m[K,
[1.299s]                  from [01m[K/opt/ros/humble/include/rcl/rcl/guard_condition.h:26[m[K,
[1.299s]                  from [01m[K/opt/ros/humble/include/rclcpp/rclcpp/executor.hpp:30[m[K,
[1.299s]                  from [01m[K/opt/ros/humble/include/rclcpp/rclcpp/executors/multi_threaded_executor.hpp:25[m[K,
[1.299s]                  from [01m[K/opt/ros/humble/include/rclcpp/rclcpp/executors.hpp:21[m[K,
[1.299s]                  from [01m[K/opt/ros/humble/include/rclcpp/rclcpp/rclcpp.hpp:155[m[K,
[1.299s]                  from [01m[K/home/fourfold/dev/inmind sessions/inmind-session-9/session-9-assignment-firas/src/turtlebot_nav/src/lap_time_client.h:8[m[K,
[1.299s]                  from [01m[K/home/fourfold/dev/inmind sessions/inmind-session-9/session-9-assignment-firas/src/turtlebot_nav/src/lap_time_client.cpp:1[m[K:
[1.299s] [01m[K/opt/ros/humble/include/rcutils/rcutils/logging.h:479:16:[m[K [01;36m[Knote: [m[K  initializing argument 4 of â€˜[01m[Kvoid rcutils_log(const rcutils_log_location_t*, int, const char*, const char*, ...)[m[Kâ€™
[1.299s]   479 |   [01;36m[Kconst char * format[m[K,
[1.299s]       |   [01;36m[K~~~~~~~~~~~~~^~~~~~[m[K
[1.300s] [01m[K/home/fourfold/dev/inmind sessions/inmind-session-9/session-9-assignment-firas/src/turtlebot_nav/src/lap_time_client.cpp:[m[K In function â€˜[01m[Kint main(int, char**)[m[Kâ€™:
[1.300s] [01m[K/home/fourfold/dev/inmind sessions/inmind-session-9/session-9-assignment-firas/src/turtlebot_nav/src/lap_time_client.cpp:77:41:[m[K [01;31m[Kerror: [m[Kâ€˜[01m[KNavigator[m[Kâ€™ was not declared in this scope
[1.300s]    77 |     auto client_node = std::make_shared<[01;31m[KNavigator[m[K>();
[1.300s]       |                                         [01;31m[K^~~~~~~~~[m[K
[1.300s] [01m[K/home/fourfold/dev/inmind sessions/inmind-session-9/session-9-assignment-firas/src/turtlebot_nav/src/lap_time_client.cpp:77:51:[m[K [01;31m[Kerror: [m[Kno matching function for call to â€˜[01m[Kmake_shared<<expression error> >()[m[Kâ€™
[1.300s]    77 |     auto client_node = [01;31m[Kstd::make_shared<Navigator>()[m[K;
[1.300s]       |                        [01;31m[K~~~~~~~~~~~~~~~~~~~~~~~~~~~^~[m[K
[1.300s] In file included from [01m[K/usr/include/c++/11/memory:77[m[K,
[1.300s]                  from [01m[K/home/fourfold/dev/inmind sessions/inmind-session-9/session-9-assignment-firas/src/turtlebot_nav/src/lap_time_client.h:1[m[K,
[1.301s]                  from [01m[K/home/fourfold/dev/inmind sessions/inmind-session-9/session-9-assignment-firas/src/turtlebot_nav/src/lap_time_client.cpp:1[m[K:
[1.301s] [01m[K/usr/include/c++/11/bits/shared_ptr.h:875:5:[m[K [01;36m[Knote: [m[Kcandidate: â€˜[01m[Ktemplate<class _Tp, class ... _Args> std::shared_ptr<_Tp> std::make_shared(_Args&& ...)[m[Kâ€™
[1.301s]   875 |     [01;36m[Kmake_shared[m[K(_Args&&... __args)
[1.301s]       |     [01;36m[K^~~~~~~~~~~[m[K
[1.301s] [01m[K/usr/include/c++/11/bits/shared_ptr.h:875:5:[m[K [01;36m[Knote: [m[K  template argument deduction/substitution failed:
[1.301s] [01m[K/home/fourfold/dev/inmind sessions/inmind-session-9/session-9-assignment-firas/src/turtlebot_nav/src/lap_time_client.cpp:77:51:[m[K [01;31m[Kerror: [m[Ktemplate argument 1 is invalid
[1.301s]    77 |     auto client_node = [01;31m[Kstd::make_shared<Navigator>()[m[K;
[1.301s]       |                        [01;31m[K~~~~~~~~~~~~~~~~~~~~~~~~~~~^~[m[K
[1.596s] gmake[2]: *** [CMakeFiles/measure_lap_time_client.dir/build.make:76: CMakeFiles/measure_lap_time_client.dir/src/lap_time_client.cpp.o] Error 1
[1.596s] gmake[1]: *** [CMakeFiles/Makefile2:221: CMakeFiles/measure_lap_time_client.dir/all] Error 2
[1.596s] gmake: *** [Makefile:146: all] Error 2
[1.598s] Invoked command in '/home/fourfold/dev/inmind sessions/inmind-session-9/session-9-assignment-firas/build/turtlebot_nav' returned '2': CMAKE_PREFIX_PATH=/home/fourfold/dev/inmind sessions/inmind-session-9/session-9-assignment-firas/install/custom_interfaces:/home/fourfold/dev/inmind sessions/inmind-session-9/session-9-assignment-firas/install/turtlebot_nav:/opt/ros/humble /usr/bin/cmake --build /home/fourfold/dev/inmind sessions/inmind-session-9/session-9-assignment-firas/build/turtlebot_nav -- -j16 -l16
