[0.005s] Invoking command in '/home/fourfold/dev/inmind sessions/inmind-session-9/session-9-assignment-firas/build/turtlebot_nav': CMAKE_PREFIX_PATH=/home/fourfold/dev/inmind sessions/inmind-session-9/session-9-assignment-firas/install/custom_interfaces:/home/fourfold/dev/inmind sessions/inmind-session-9/session-9-assignment-firas/install/turtlebot_nav:/opt/ros/humble /usr/bin/cmake --build /home/fourfold/dev/inmind sessions/inmind-session-9/session-9-assignment-firas/build/turtlebot_nav -- -j16 -l16
[0.031s] [35m[1mConsolidate compiler generated dependencies of target measure_lap_time_server[0m
[0.039s] [ 66%] Built target navigator_node
[0.039s] [ 66%] Built target find_closest_wall_server
[0.042s] [ 83%] [32mBuilding CXX object CMakeFiles/measure_lap_time_server.dir/src/lap_time_server.cpp.o[0m
[1.299s] In file included from [01m[K/home/fourfold/dev/inmind sessions/inmind-session-9/session-9-assignment-firas/src/turtlebot_nav/src/lap_time_server.cpp:1[m[K:
[1.299s] [01m[K/home/fourfold/dev/inmind sessions/inmind-session-9/session-9-assignment-firas/src/turtlebot_nav/src/lap_time_server.h:12:65:[m[K [01;31m[Kerror: [m[Kexpected â€˜[01m[K;[m[Kâ€™ before â€˜[01m[Kusing[m[Kâ€™
[1.299s]    12 | using MeasureLapTime = custom_interfaces::action::MeasureLapTime
[1.299s]       |                                                                 [01;31m[K^[m[K
[1.299s]       |                                                                 [32m[K;[m[K
[1.299s]    13 | [32m[Kusing[m[K GoalHandleMeasureLapTime = rclcpp_action::ServerGoalHandle<MeasureLapTime>
[1.299s]       | [32m[K~~~~~[m[K                                                            
[1.300s] [01m[K/home/fourfold/dev/inmind sessions/inmind-session-9/session-9-assignment-firas/src/turtlebot_nav/src/lap_time_server.cpp:3:65:[m[K [01;31m[Kerror: [m[Kexpected â€˜[01m[K;[m[Kâ€™ before â€˜[01m[Kusing[m[Kâ€™
[1.300s]     3 | using MeasureLapTime = custom_interfaces::action::MeasureLapTime
[1.300s]       |                                                                 [01;31m[K^[m[K
[1.300s]       |                                                                 [32m[K;[m[K
[1.300s]     4 | [32m[Kusing[m[K GoalHandleMeasureLapTime = rclcpp_action::ServerGoalHandle<MeasureLapTime>
[1.300s]       | [32m[K~~~~~[m[K                                                            
[1.300s] [01m[K/home/fourfold/dev/inmind sessions/inmind-session-9/session-9-assignment-firas/src/turtlebot_nav/src/lap_time_server.cpp:30:6:[m[K [01;31m[Kerror: [m[Kâ€˜[01m[KLapTimeServer[m[Kâ€™ has not been declared
[1.300s]    30 | void [01;31m[KLapTimeServer[m[K::odometry_callback(const nav_msgs::msg::Odometry & odometry) {
[1.300s]       |      [01;31m[K^~~~~~~~~~~~~[m[K
[1.301s] [01m[K/home/fourfold/dev/inmind sessions/inmind-session-9/session-9-assignment-firas/src/turtlebot_nav/src/lap_time_server.cpp:[m[K In function â€˜[01m[Kvoid odometry_callback(const Odometry&)[m[Kâ€™:
[1.301s] [01m[K/home/fourfold/dev/inmind sessions/inmind-session-9/session-9-assignment-firas/src/turtlebot_nav/src/lap_time_server.cpp:31:5:[m[K [01;31m[Kerror: [m[Kâ€˜[01m[Kx[m[Kâ€™ was not declared in this scope
[1.301s]    31 |     [01;31m[Kx[m[K = odometry.pose.pose.position.x;
[1.301s]       |     [01;31m[K^[m[K
[1.302s] [01m[K/home/fourfold/dev/inmind sessions/inmind-session-9/session-9-assignment-firas/src/turtlebot_nav/src/lap_time_server.cpp:32:5:[m[K [01;31m[Kerror: [m[Kâ€˜[01m[Ky[m[Kâ€™ was not declared in this scope; did you mean â€˜[01m[Kyn[m[Kâ€™?
[1.302s]    32 |     [01;31m[Ky[m[K = odometry.pose.pose.position.y;
[1.302s]       |     [01;31m[K^[m[K
[1.302s]       |     [32m[Kyn[m[K
[1.305s] [01m[K/home/fourfold/dev/inmind sessions/inmind-session-9/session-9-assignment-firas/src/turtlebot_nav/src/lap_time_server.cpp:33:5:[m[K [01;31m[Kerror: [m[Kâ€˜[01m[Kcurrent_time[m[Kâ€™ was not declared in this scope
[1.305s]    33 |     [01;31m[Kcurrent_time[m[K = odometry.header.stamp.sec + 0.000000001 * odometry.header.stamp.nanosec;
[1.305s]       |     [01;31m[K^~~~~~~~~~~~[m[K
[1.307s] [01m[K/home/fourfold/dev/inmind sessions/inmind-session-9/session-9-assignment-firas/src/turtlebot_nav/src/lap_time_server.cpp:[m[K In function â€˜[01m[Kint main(int, char**)[m[Kâ€™:
[1.308s] [01m[K/home/fourfold/dev/inmind sessions/inmind-session-9/session-9-assignment-firas/src/turtlebot_nav/src/lap_time_server.cpp:41:41:[m[K [01;31m[Kerror: [m[Kâ€˜[01m[KLapTimeServer[m[Kâ€™ was not declared in this scope
[1.308s]    41 |     auto server_node = std::make_shared<[01;31m[KLapTimeServer[m[K>();
[1.308s]       |                                         [01;31m[K^~~~~~~~~~~~~[m[K
[1.308s] [01m[K/home/fourfold/dev/inmind sessions/inmind-session-9/session-9-assignment-firas/src/turtlebot_nav/src/lap_time_server.cpp:41:55:[m[K [01;31m[Kerror: [m[Kno matching function for call to â€˜[01m[Kmake_shared<<expression error> >()[m[Kâ€™
[1.308s]    41 |     auto server_node = [01;31m[Kstd::make_shared<LapTimeServer>()[m[K;
[1.308s]       |                        [01;31m[K~~~~~~~~~~~~~~~~~~~~~~~~~~~~~~~^~[m[K
[1.308s] In file included from [01m[K/usr/include/c++/11/memory:77[m[K,
[1.308s]                  from [01m[K/home/fourfold/dev/inmind sessions/inmind-session-9/session-9-assignment-firas/src/turtlebot_nav/src/lap_time_server.h:1[m[K,
[1.308s]                  from [01m[K/home/fourfold/dev/inmind sessions/inmind-session-9/session-9-assignment-firas/src/turtlebot_nav/src/lap_time_server.cpp:1[m[K:
[1.308s] [01m[K/usr/include/c++/11/bits/shared_ptr.h:875:5:[m[K [01;36m[Knote: [m[Kcandidate: â€˜[01m[Ktemplate<class _Tp, class ... _Args> std::shared_ptr<_Tp> std::make_shared(_Args&& ...)[m[Kâ€™
[1.308s]   875 |     [01;36m[Kmake_shared[m[K(_Args&&... __args)
[1.308s]       |     [01;36m[K^~~~~~~~~~~[m[K
[1.308s] [01m[K/usr/include/c++/11/bits/shared_ptr.h:875:5:[m[K [01;36m[Knote: [m[K  template argument deduction/substitution failed:
[1.308s] [01m[K/home/fourfold/dev/inmind sessions/inmind-session-9/session-9-assignment-firas/src/turtlebot_nav/src/lap_time_server.cpp:41:55:[m[K [01;31m[Kerror: [m[Ktemplate argument 1 is invalid
[1.308s]    41 |     auto server_node = [01;31m[Kstd::make_shared<LapTimeServer>()[m[K;
[1.308s]       |                        [01;31m[K~~~~~~~~~~~~~~~~~~~~~~~~~~~~~~~^~[m[K
[1.552s] gmake[2]: *** [CMakeFiles/measure_lap_time_server.dir/build.make:76: CMakeFiles/measure_lap_time_server.dir/src/lap_time_server.cpp.o] Error 1
[1.552s] gmake[1]: *** [CMakeFiles/Makefile2:193: CMakeFiles/measure_lap_time_server.dir/all] Error 2
[1.552s] gmake: *** [Makefile:146: all] Error 2
[1.554s] Invoked command in '/home/fourfold/dev/inmind sessions/inmind-session-9/session-9-assignment-firas/build/turtlebot_nav' returned '2': CMAKE_PREFIX_PATH=/home/fourfold/dev/inmind sessions/inmind-session-9/session-9-assignment-firas/install/custom_interfaces:/home/fourfold/dev/inmind sessions/inmind-session-9/session-9-assignment-firas/install/turtlebot_nav:/opt/ros/humble /usr/bin/cmake --build /home/fourfold/dev/inmind sessions/inmind-session-9/session-9-assignment-firas/build/turtlebot_nav -- -j16 -l16
