[01m[K/home/fourfold/dev/inmind sessions/inmind-session-9/session-9-assignment-firas/src/turtlebot_nav/src/navigator.cpp:40:2:[m[K [01;31m[Kerror: [m[Kexpected â€˜[01m[K;[m[Kâ€™ after class definition
   40 | }
      |  [01;31m[K^[m[K
      |  [32m[K;[m[K
gmake[2]: *** [CMakeFiles/talker.dir/build.make:76: CMakeFiles/talker.dir/src/navigator.cpp.o] Error 1
gmake[1]: *** [CMakeFiles/Makefile2:137: CMakeFiles/talker.dir/all] Error 2
gmake: *** [Makefile:146: all] Error 2
