[0.005s] Invoking command in '/home/fourfold/dev/inmind sessions/inmind-session-9/session-9-assignment-firas/build/turtlebot_nav': CMAKE_PREFIX_PATH=/home/fourfold/dev/inmind sessions/inmind-session-9/session-9-assignment-firas/install/custom_interfaces:/home/fourfold/dev/inmind sessions/inmind-session-9/session-9-assignment-firas/install/turtlebot_nav:/opt/ros/humble /usr/bin/cmake --build /home/fourfold/dev/inmind sessions/inmind-session-9/session-9-assignment-firas/build/turtlebot_nav -- -j16 -l16
[0.031s] [35m[1mConsolidate compiler generated dependencies of target find_closest_wall_server[0m
[0.039s] [ 50%] Built target navigator_node
[0.040s] [ 75%] [32mBuilding CXX object CMakeFiles/find_closest_wall_server.dir/src/closest_wall_server.cpp.o[0m
[1.300s] [01m[K/home/fourfold/dev/inmind sessions/inmind-session-9/session-9-assignment-firas/src/turtlebot_nav/src/closest_wall_server.cpp:[m[K In constructor â€˜[01m[KClosestWallServer::ClosestWallServer()[m[Kâ€™:
[1.300s] [01m[K/home/fourfold/dev/inmind sessions/inmind-session-9/session-9-assignment-firas/src/turtlebot_nav/src/closest_wall_server.cpp:5:5:[m[K [01;31m[Kerror: [m[Kâ€˜[01m[Kserver_cb_group_[m[Kâ€™ was not declared in this scope; did you mean â€˜[01m[Kservice_cb_group_[m[Kâ€™?
[1.300s]     5 |     [01;31m[Kserver_cb_group_[m[K = this->create_callback_group(rclcpp::CallbackGroupType::MutuallyExclusive);
[1.300s]       |     [01;31m[K^~~~~~~~~~~~~~~~[m[K
[1.300s]       |     [32m[Kservice_cb_group_[m[K
[1.307s] [01m[K/home/fourfold/dev/inmind sessions/inmind-session-9/session-9-assignment-firas/src/turtlebot_nav/src/closest_wall_server.cpp:8:98:[m[K [01;31m[Kerror: [m[Kâ€˜[01m[Kscan_cb_group[m[Kâ€™ was not declared in this scope; did you mean â€˜[01m[Kscan_cb_group_[m[Kâ€™?
[1.307s]     8 |         ("/scan", 10, std::bind(&ClosestWallServer::scan_callback, this, std::placeholders::_1), [01;31m[Kscan_cb_group[m[K);
[1.307s]       |                                                                                                  [01;31m[K^~~~~~~~~~~~~[m[K
[1.307s]       |                                                                                                  [32m[Kscan_cb_group_[m[K
[1.312s] [01m[K/home/fourfold/dev/inmind sessions/inmind-session-9/session-9-assignment-firas/src/turtlebot_nav/src/closest_wall_server.cpp:10:142:[m[K [01;31m[Kerror: [m[Kâ€˜[01m[Kservice_cb_group[m[Kâ€™ was not declared in this scope; did you mean â€˜[01m[Kservice_cb_group_[m[Kâ€™?
[1.312s]    10 |         ("find_closest_wall", std::bind(&ClosestWallServer::find_closest_wall_callback, this, std::placeholders::_1, std::placeholders::_2), [01;31m[Kservice_cb_group[m[K);
[1.312s]       |                                                                                                                                              [01;31m[K^~~~~~~~~~~~~~~~[m[K
[1.312s]       |                                                                                                                                              [32m[Kservice_cb_group_[m[K
[1.316s] [01m[K/home/fourfold/dev/inmind sessions/inmind-session-9/session-9-assignment-firas/src/turtlebot_nav/src/closest_wall_server.cpp:[m[K In member function â€˜[01m[Kvoid ClosestWallServer::find_closest_wall_callback(std::shared_ptr<custom_interfaces::srv::FindClosestWall_Request_<std::allocator<void> > >, std::shared_ptr<custom_interfaces::srv::FindClosestWall_Response_<std::allocator<void> > >)[m[Kâ€™:
[1.316s] [01m[K/home/fourfold/dev/inmind sessions/inmind-session-9/session-9-assignment-firas/src/turtlebot_nav/src/closest_wall_server.cpp:25:124:[m[K [01;35m[Kwarning: [m[Kunused parameter â€˜[01m[Krequest[m[Kâ€™ [[01;35m[K]8;;https://gcc.gnu.org/onlinedocs/gcc/Warning-Options.html#index-Wunused-parameter-Wunused-parameter]8;;[m[K]
[1.317s]    25 | void ClosestWallServer::find_closest_wall_callback([01;35m[Kconst std::shared_ptr<custom_interfaces::srv::FindClosestWall::Request> request[m[K,
[1.317s]       |                                                    [01;35m[K~~~~~~~~~~~~~~~~~~~~~~~~~~~~~~~~~~~~~~~~~~~~~~~~~~~~~~~~~~~~~~~~~~~~~~~~^~~~~~~[m[K
[1.769s] gmake[2]: *** [CMakeFiles/find_closest_wall_server.dir/build.make:76: CMakeFiles/find_closest_wall_server.dir/src/closest_wall_server.cpp.o] Error 1
[1.769s] gmake[1]: *** [CMakeFiles/Makefile2:165: CMakeFiles/find_closest_wall_server.dir/all] Error 2
[1.769s] gmake: *** [Makefile:146: all] Error 2
[1.771s] Invoked command in '/home/fourfold/dev/inmind sessions/inmind-session-9/session-9-assignment-firas/build/turtlebot_nav' returned '2': CMAKE_PREFIX_PATH=/home/fourfold/dev/inmind sessions/inmind-session-9/session-9-assignment-firas/install/custom_interfaces:/home/fourfold/dev/inmind sessions/inmind-session-9/session-9-assignment-firas/install/turtlebot_nav:/opt/ros/humble /usr/bin/cmake --build /home/fourfold/dev/inmind sessions/inmind-session-9/session-9-assignment-firas/build/turtlebot_nav -- -j16 -l16
