[01m[K/home/fourfold/dev/inmind sessions/inmind-session-9/session-9-assignment-firas/src/turtlebot_nav/src/lap_time_client.cpp:[m[K In member function â€˜[01m[Kvoid LapTimeClient::result_callback(const rclcpp_action::ClientGoalHandle<custom_interfaces::action::MeasureLapTime>::WrappedResult&)[m[Kâ€™:
[01m[K/home/fourfold/dev/inmind sessions/inmind-session-9/session-9-assignment-firas/src/turtlebot_nav/src/lap_time_client.cpp:68:54:[m[K [01;31m[Kerror: [m[Kâ€˜[01m[Kusing element_type = struct custom_interfaces::action::MeasureLapTime_Result_<std::allocator<void> >[m[Kâ€™ {aka â€˜[01m[Kstruct custom_interfaces::action::MeasureLapTime_Result_<std::allocator<void> >[m[Kâ€™} has no member named â€˜[01m[Kelapsed_time[m[Kâ€™
   68 |     ss << "Total lap time: " << round(result.result->[01;31m[Kelapsed_time[m[K) << " seconds.";
      |                                                      [01;31m[K^~~~~~~~~~~~[m[K
[01m[K/home/fourfold/dev/inmind sessions/inmind-session-9/session-9-assignment-firas/src/turtlebot_nav/src/lap_time_client.cpp:[m[K In function â€˜[01m[Kint main(int, char**)[m[Kâ€™:
[01m[K/home/fourfold/dev/inmind sessions/inmind-session-9/session-9-assignment-firas/src/turtlebot_nav/src/lap_time_client.cpp:78:17:[m[K [01;31m[Kerror: [m[Kâ€˜[01m[Kclass std::shared_ptr<LapTimeClient>[m[Kâ€™ has no member named â€˜[01m[Ksend_goal[m[Kâ€™
   78 |     client_node.[01;31m[Ksend_goal[m[K();
      |                 [01;31m[K^~~~~~~~~[m[K
gmake[2]: *** [CMakeFiles/measure_lap_time_client.dir/build.make:76: CMakeFiles/measure_lap_time_client.dir/src/lap_time_client.cpp.o] Error 1
gmake[1]: *** [CMakeFiles/Makefile2:221: CMakeFiles/measure_lap_time_client.dir/all] Error 2
gmake: *** [Makefile:146: all] Error 2
