[0.009s] Invoking command in '/home/fourfold/dev/inmind sessions/inmind-session-9/session-9-assignment-firas/build/turtlebot_nav': CMAKE_PREFIX_PATH=${CMAKE_PREFIX_PATH}:/opt/ros/humble /usr/bin/cmake --build /home/fourfold/dev/inmind sessions/inmind-session-9/session-9-assignment-firas/build/turtlebot_nav -- -j16 -l16
[0.036s] [ 50%] [32mBuilding CXX object CMakeFiles/talker.dir/src/navigator.cpp.o[0m
[1.207s] [01m[K/home/fourfold/dev/inmind sessions/inmind-session-9/session-9-assignment-firas/src/turtlebot_nav/src/navigator.cpp:37:2:[m[K [01;31m[Kerror: [m[Kexpected â€˜[01m[K;[m[Kâ€™ after class definition
[1.207s]    37 | }
[1.207s]       |  [01;31m[K^[m[K
[1.207s]       |  [32m[K;[m[K
[1.208s] [01m[K/home/fourfold/dev/inmind sessions/inmind-session-9/session-9-assignment-firas/src/turtlebot_nav/src/navigator.cpp:[m[K In constructor â€˜[01m[KNavigator::Navigator()[m[Kâ€™:
[1.208s] [01m[K/home/fourfold/dev/inmind sessions/inmind-session-9/session-9-assignment-firas/src/turtlebot_nav/src/navigator.cpp:15:9:[m[K [01;31m[Kerror: [m[Kexpected â€˜[01m[K;[m[Kâ€™ before â€˜[01m[Ksubscriber[m[Kâ€™
[1.208s]    15 |         [01;31m[Ksubscriber[m[K = this->create_subription<sensor_msgs::msg::LaserScan>
[1.209s]       |         [01;31m[K^~~~~~~~~~[m[K
[1.209s] [01m[K/home/fourfold/dev/inmind sessions/inmind-session-9/session-9-assignment-firas/src/turtlebot_nav/src/navigator.cpp:[m[K In member function â€˜[01m[Kvoid Navigator::scan_callback(const LaserScan&)[m[Kâ€™:
[1.209s] [01m[K/home/fourfold/dev/inmind sessions/inmind-session-9/session-9-assignment-firas/src/turtlebot_nav/src/navigator.cpp:24:12:[m[K [01;31m[Kerror: [m[Kexpected â€˜[01m[K([m[Kâ€™ before â€˜[01m[Kdata[m[Kâ€™
[1.209s]    24 |         if [01;31m[Kdata[m[K.ranges[0] < 0.5:
[1.209s]       |            [01;31m[K^~~~[m[K
[1.217s] [01m[K/home/fourfold/dev/inmind sessions/inmind-session-9/session-9-assignment-firas/src/turtlebot_nav/src/navigator.cpp:20:60:[m[K [01;35m[Kwarning: [m[Kunused parameter â€˜[01m[Kdata[m[Kâ€™ [[01;35m[K]8;;https://gcc.gnu.org/onlinedocs/gcc/Warning-Options.html#index-Wunused-parameter-Wunused-parameter]8;;[m[K]
[1.217s]    20 |     void scan_callback([01;35m[Kconst sensor_msgs::msg::LaserScan & data[m[K) {
[1.217s]       |                        [01;35m[K~~~~~~~~~~~~~~~~~~~~~~~~~~~~~~~~~~~~^~~~[m[K
[1.555s] gmake[2]: *** [CMakeFiles/talker.dir/build.make:76: CMakeFiles/talker.dir/src/navigator.cpp.o] Error 1
[1.555s] gmake[1]: *** [CMakeFiles/Makefile2:137: CMakeFiles/talker.dir/all] Error 2
[1.555s] gmake: *** [Makefile:146: all] Error 2
[1.556s] Invoked command in '/home/fourfold/dev/inmind sessions/inmind-session-9/session-9-assignment-firas/build/turtlebot_nav' returned '2': CMAKE_PREFIX_PATH=${CMAKE_PREFIX_PATH}:/opt/ros/humble /usr/bin/cmake --build /home/fourfold/dev/inmind sessions/inmind-session-9/session-9-assignment-firas/build/turtlebot_nav -- -j16 -l16
