[0.008s] Invoking command in '/home/fourfold/dev/inmind sessions/inmind-session-9/session-9-assignment-firas/build/turtlebot_nav': CMAKE_PREFIX_PATH=${CMAKE_PREFIX_PATH}:/opt/ros/humble /usr/bin/cmake --build /home/fourfold/dev/inmind sessions/inmind-session-9/session-9-assignment-firas/build/turtlebot_nav -- -j16 -l16
[0.032s] [35m[1mConsolidate compiler generated dependencies of target talker[0m
[0.042s] [ 50%] [32mBuilding CXX object CMakeFiles/talker.dir/src/navigator.cpp.o[0m
[1.219s] [01m[K/home/fourfold/dev/inmind sessions/inmind-session-9/session-9-assignment-firas/src/turtlebot_nav/src/navigator.cpp:40:2:[m[K [01;31m[Kerror: [m[Kexpected â€˜[01m[K;[m[Kâ€™ after class definition
[1.219s]    40 | }
[1.219s]       |  [01;31m[K^[m[K
[1.219s]       |  [32m[K;[m[K
[1.220s] [01m[K/home/fourfold/dev/inmind sessions/inmind-session-9/session-9-assignment-firas/src/turtlebot_nav/src/navigator.cpp:[m[K In constructor â€˜[01m[KNavigator::Navigator()[m[Kâ€™:
[1.220s] [01m[K/home/fourfold/dev/inmind sessions/inmind-session-9/session-9-assignment-firas/src/turtlebot_nav/src/navigator.cpp:15:28:[m[K [01;31m[Kerror: [m[Kâ€˜[01m[Kclass Navigator[m[Kâ€™ has no member named â€˜[01m[Kcreate_subription[m[Kâ€™; did you mean â€˜[01m[Kcreate_subscription[m[Kâ€™?
[1.220s]    15 |         subscriber = this->[01;31m[Kcreate_subription[m[K<sensor_msgs::msg::LaserScan>
[1.220s]       |                            [01;31m[K^~~~~~~~~~~~~~~~~[m[K
[1.220s]       |                            [32m[Kcreate_subscription[m[K
[1.220s] [01m[K/home/fourfold/dev/inmind sessions/inmind-session-9/session-9-assignment-firas/src/turtlebot_nav/src/navigator.cpp:15:73:[m[K [01;31m[Kerror: [m[Kexpected primary-expression before â€˜[01m[K>[m[Kâ€™ token
[1.220s]    15 |       subscriber = this->create_subription<sensor_msgs::msg::LaserScan[01;31m[K>[m[K
[1.220s]       |                                                                       [01;31m[K^[m[K
[1.220s] 
[1.220s] [01m[K/home/fourfold/dev/inmind sessions/inmind-session-9/session-9-assignment-firas/src/turtlebot_nav/src/navigator.cpp:16:10:[m[K [01;35m[Kwarning: [m[Kleft operand of comma operator has no effect [[01;35m[K]8;;https://gcc.gnu.org/onlinedocs/gcc/Warning-Options.html#index-Wunused-value-Wunused-value]8;;[m[K]
[1.221s]    16 |         ([01;35m[K"/scan"[m[K, 10, std::bind(&Navigator::scan_callback, this, std::placeholders::_1));
[1.221s]       |          [01;35m[K^~~~~~~[m[K
[1.223s] [01m[K/home/fourfold/dev/inmind sessions/inmind-session-9/session-9-assignment-firas/src/turtlebot_nav/src/navigator.cpp:16:87:[m[K [01;35m[Kwarning: [m[Kright operand of comma operator has no effect [[01;35m[K]8;;https://gcc.gnu.org/onlinedocs/gcc/Warning-Options.html#index-Wunused-value-Wunused-value]8;;[m[K]
[1.223s]    16 | 10, std::bind(&Navigator::scan_callback, this, std::placeholders::_1[01;35m[K)[m[K);
[1.223s]       |                                                                     [01;35m[K^[m[K
[1.223s] 
[1.606s] gmake[2]: *** [CMakeFiles/talker.dir/build.make:76: CMakeFiles/talker.dir/src/navigator.cpp.o] Error 1
[1.606s] gmake[1]: *** [CMakeFiles/Makefile2:137: CMakeFiles/talker.dir/all] Error 2
[1.606s] gmake: *** [Makefile:146: all] Error 2
[1.608s] Invoked command in '/home/fourfold/dev/inmind sessions/inmind-session-9/session-9-assignment-firas/build/turtlebot_nav' returned '2': CMAKE_PREFIX_PATH=${CMAKE_PREFIX_PATH}:/opt/ros/humble /usr/bin/cmake --build /home/fourfold/dev/inmind sessions/inmind-session-9/session-9-assignment-firas/build/turtlebot_nav -- -j16 -l16
