[35m[1mConsolidate compiler generated dependencies of target measure_lap_time_client[0m
[ 50%] Built target find_closest_wall_server
[ 50%] Built target navigator_node
[ 75%] Built target measure_lap_time_server
[ 87%] [32mBuilding CXX object CMakeFiles/measure_lap_time_client.dir/src/lap_time_client.cpp.o[0m
[01m[K/home/fourfold/dev/inmind sessions/inmind-session-9/session-9-assignment-firas/src/turtlebot_nav/src/lap_time_client.cpp:[m[K In member function â€˜[01m[Kvoid LapTimeClient::result_callback(const rclcpp_action::ClientGoalHandle<custom_interfaces::action::MeasureLapTime>::WrappedResult&)[m[Kâ€™:
[01m[K/home/fourfold/dev/inmind sessions/inmind-session-9/session-9-assignment-firas/src/turtlebot_nav/src/lap_time_client.cpp:68:45:[m[K [01;31m[Kerror: [m[Kbase operand of â€˜[01m[K->[m[Kâ€™ has non-pointer type â€˜[01m[Kconst rclcpp_action::ClientGoalHandle<custom_interfaces::action::MeasureLapTime>::WrappedResult[m[Kâ€™
   68 |     ss << "Total lap time: " << round(result[01;31m[K->[m[Kelapsed_time) << " seconds.";
      |                                             [01;31m[K^~[m[K
[01m[K/home/fourfold/dev/inmind sessions/inmind-session-9/session-9-assignment-firas/src/turtlebot_nav/src/lap_time_client.cpp:[m[K In function â€˜[01m[Kint main(int, char**)[m[Kâ€™:
[01m[K/home/fourfold/dev/inmind sessions/inmind-session-9/session-9-assignment-firas/src/turtlebot_nav/src/lap_time_client.cpp:77:41:[m[K [01;31m[Kerror: [m[Kâ€˜[01m[KNavigator[m[Kâ€™ was not declared in this scope
   77 |     auto client_node = std::make_shared<[01;31m[KNavigator[m[K>();
      |                                         [01;31m[K^~~~~~~~~[m[K
[01m[K/home/fourfold/dev/inmind sessions/inmind-session-9/session-9-assignment-firas/src/turtlebot_nav/src/lap_time_client.cpp:77:51:[m[K [01;31m[Kerror: [m[Kno matching function for call to â€˜[01m[Kmake_shared<<expression error> >()[m[Kâ€™
   77 |     auto client_node = [01;31m[Kstd::make_shared<Navigator>()[m[K;
      |                        [01;31m[K~~~~~~~~~~~~~~~~~~~~~~~~~~~^~[m[K
In file included from [01m[K/usr/include/c++/11/memory:77[m[K,
                 from [01m[K/home/fourfold/dev/inmind sessions/inmind-session-9/session-9-assignment-firas/src/turtlebot_nav/src/lap_time_client.h:1[m[K,
                 from [01m[K/home/fourfold/dev/inmind sessions/inmind-session-9/session-9-assignment-firas/src/turtlebot_nav/src/lap_time_client.cpp:1[m[K:
[01m[K/usr/include/c++/11/bits/shared_ptr.h:875:5:[m[K [01;36m[Knote: [m[Kcandidate: â€˜[01m[Ktemplate<class _Tp, class ... _Args> std::shared_ptr<_Tp> std::make_shared(_Args&& ...)[m[Kâ€™
  875 |     [01;36m[Kmake_shared[m[K(_Args&&... __args)
      |     [01;36m[K^~~~~~~~~~~[m[K
[01m[K/usr/include/c++/11/bits/shared_ptr.h:875:5:[m[K [01;36m[Knote: [m[K  template argument deduction/substitution failed:
[01m[K/home/fourfold/dev/inmind sessions/inmind-session-9/session-9-assignment-firas/src/turtlebot_nav/src/lap_time_client.cpp:77:51:[m[K [01;31m[Kerror: [m[Ktemplate argument 1 is invalid
   77 |     auto client_node = [01;31m[Kstd::make_shared<Navigator>()[m[K;
      |                        [01;31m[K~~~~~~~~~~~~~~~~~~~~~~~~~~~^~[m[K
gmake[2]: *** [CMakeFiles/measure_lap_time_client.dir/build.make:76: CMakeFiles/measure_lap_time_client.dir/src/lap_time_client.cpp.o] Error 1
gmake[1]: *** [CMakeFiles/Makefile2:221: CMakeFiles/measure_lap_time_client.dir/all] Error 2
gmake: *** [Makefile:146: all] Error 2
